C:\USERS\SHIPEITAO\DESKTOP\EXERCISE7---1-1\DEBUG\EXERCISE7---1-1.EXE
C:\USERS\SHIPEITAO\DESKTOP\EXERCISE7---1-1\DEBUG\EXERCISE7---1-1.ILK
C:\USERS\SHIPEITAO\DESKTOP\EXERCISE7---1-1\DEBUG\EXERCISE7---1-1.PDB
C:\USERS\SHIPEITAO\DESKTOP\EXERCISE7---1-1\EXERCISE7---1-1\DEBUG\AI.OBJ
C:\USERS\SHIPEITAO\DESKTOP\EXERCISE7---1-1\EXERCISE7---1-1\DEBUG\BOARD1.OBJ
C:\USERS\SHIPEITAO\DESKTOP\EXERCISE7---1-1\EXERCISE7---1-1\DEBUG\BUTTON.OBJ
C:\USERS\SHIPEITAO\DESKTOP\EXERCISE7---1-1\EXERCISE7---1-1\DEBUG\EXERCISE7---1-1.EXE.INTERMEDIATE.MANIFEST
C:\USERS\SHIPEITAO\DESKTOP\EXERCISE7---1-1\EXERCISE7---1-1\DEBUG\GAME_WINDOW.OBJ
C:\USERS\SHIPEITAO\DESKTOP\EXERCISE7---1-1\EXERCISE7---1-1\DEBUG\IMAGES1.OBJ
C:\USERS\SHIPEITAO\DESKTOP\EXERCISE7---1-1\EXERCISE7---1-1\DEBUG\MAIN.OBJ
C:\USERS\SHIPEITAO\DESKTOP\EXERCISE7---1-1\EXERCISE7---1-1\DEBUG\RESTRICTED.OBJ
C:\USERS\SHIPEITAO\DESKTOP\EXERCISE7---1-1\EXERCISE7---1-1\DEBUG\VC100.PDB
C:\USERS\SHIPEITAO\DESKTOP\石培涛_5110379072\SHIPEITAO5110379072\DEBUG\EXERCISE7---1-1.EXE
C:\USERS\SHIPEITAO\DESKTOP\石培涛_5110379072\SHIPEITAO5110379072\DEBUG\EXERCISE7---1-1.ILK
C:\USERS\SHIPEITAO\DESKTOP\石培涛_5110379072\SHIPEITAO5110379072\DEBUG\EXERCISE7---1-1.PDB
C:\USERS\SHIPEITAO\DESKTOP\石培涛_5110379072\SHIPEITAO5110379072\EXERCISE7---1-1\DEBUG\AI.OBJ
C:\USERS\SHIPEITAO\DESKTOP\石培涛_5110379072\SHIPEITAO5110379072\EXERCISE7---1-1\DEBUG\BOARD1.OBJ
C:\USERS\SHIPEITAO\DESKTOP\石培涛_5110379072\SHIPEITAO5110379072\EXERCISE7---1-1\DEBUG\BUTTON.OBJ
C:\Users\shipeitao\Desktop\石培涛_5110379072\shipeitao5110379072\exercise7---1-1\Debug\cl.command.1.tlog
C:\Users\shipeitao\Desktop\石培涛_5110379072\shipeitao5110379072\exercise7---1-1\Debug\CL.read.1.tlog
C:\Users\shipeitao\Desktop\石培涛_5110379072\shipeitao5110379072\exercise7---1-1\Debug\CL.write.1.tlog
C:\USERS\SHIPEITAO\DESKTOP\石培涛_5110379072\SHIPEITAO5110379072\EXERCISE7---1-1\DEBUG\EXERCISE7---1-1.EXE.INTERMEDIATE.MANIFEST
C:\USERS\SHIPEITAO\DESKTOP\石培涛_5110379072\SHIPEITAO5110379072\EXERCISE7---1-1\DEBUG\GAME_WINDOW.OBJ
C:\Users\shipeitao\Desktop\石培涛_5110379072\shipeitao5110379072\exercise7---1-1\Debug\images1.obj
C:\Users\shipeitao\Desktop\石培涛_5110379072\shipeitao5110379072\exercise7---1-1\Debug\link.command.1.tlog
C:\Users\shipeitao\Desktop\石培涛_5110379072\shipeitao5110379072\exercise7---1-1\Debug\link.read.1.tlog
C:\Users\shipeitao\Desktop\石培涛_5110379072\shipeitao5110379072\exercise7---1-1\Debug\link.write.1.tlog
C:\USERS\SHIPEITAO\DESKTOP\石培涛_5110379072\SHIPEITAO5110379072\EXERCISE7---1-1\DEBUG\MAIN.OBJ
C:\Users\shipeitao\Desktop\石培涛_5110379072\shipeitao5110379072\exercise7---1-1\Debug\mt.command.1.tlog
C:\Users\shipeitao\Desktop\石培涛_5110379072\shipeitao5110379072\exercise7---1-1\Debug\mt.read.1.tlog
C:\Users\shipeitao\Desktop\石培涛_5110379072\shipeitao5110379072\exercise7---1-1\Debug\mt.write.1.tlog
C:\Users\shipeitao\Desktop\石培涛_5110379072\shipeitao5110379072\exercise7---1-1\Debug\restricted.obj
C:\Users\shipeitao\Desktop\石培涛_5110379072\shipeitao5110379072\exercise7---1-1\Debug\vc100.idb
C:\USERS\SHIPEITAO\DESKTOP\石培涛_5110379072\SHIPEITAO5110379072\EXERCISE7---1-1\DEBUG\VC100.PDB
